<?xml version="1.0" encoding="UTF-8"?>
<!-- Generated by org.testng.reporters.JUnitReportReporter -->
<testsuite skipped="0" hostname="Lenovo" name="com.TestNG.Test1" tests="2" failures="0" timestamp="2023-02-02T23:00:48 IST" time="0.029" errors="0">
  <testcase name="location" time="0.024" classname="com.TestNG.Test1"/>
  <system-out/>
  <testcase name="stuName" time="0.005" classname="com.TestNG.Test1"/>
  <system-out/>
</testsuite> <!-- com.TestNG.Test1 -->
