<?xml version="1.0" encoding="UTF-8"?>
<!-- Generated by org.testng.reporters.JUnitReportReporter -->
<testsuite skipped="0" hostname="Lenovo" name="com.TestNG.Invocationcount" tests="3" failures="0" timestamp="2023-02-06T12:04:19 IST" time="0.047" errors="0">
  <testcase name="userName" time="0.016" classname="com.TestNG.Invocationcount"/>
  <system-out/>
  <testcase name="password" time="0.015" classname="com.TestNG.Invocationcount"/>
  <system-out/>
  <testcase name="login" time="0.016" classname="com.TestNG.Invocationcount"/>
  <system-out/>
</testsuite> <!-- com.TestNG.Invocationcount -->
